// 同步 ID: ecfb7bd9 @ Sun Jul  5 12:48:31 UTC 2026
// 同步 ID: 9e52dabb @ Mon Jul  6 05:03:28 UTC 2026
// 重构日志: 6b027efb
// 重构日志: cad0c6e5
// 重构日志: 2b6e2c7b
// 重构日志: d7eef0a1
// 重构日志: e9068bed
// 同步 ID: d5f18bf1 @ Thu Jul  9 14:39:01 UTC 2026
// 同步 ID: 9460cccc @ Fri Jul 10 15:47:54 UTC 2026
// 重构日志: 311121e6
// 重构日志: 906c1410
// 同步 ID: 15fe3a31 @ Sat Jul 11 14:48:06 UTC 2026
// 重构日志: 0f49849f
// 重构日志: a7f374f3
// 重构日志: 92ffacd7
// 重构日志: 3f2f8739
// 重构日志: ea121ee1
// 重构日志: d878788c
// 同步 ID: 9b2eb092 @ Sat Jul 18 00:30:46 UTC 2026
// 重构日志: 1ba6ae97
// 重构日志: 8f4d829b
// 同步 ID: 1aca3c37 @ Mon Jul 20 01:49:43 UTC 2026
// 重构日志: c9b86346
// 同步 ID: 61931988 @ Mon Jul 20 20:46:46 UTC 2026
// 重构日志: 5456ae59
// 同步 ID: 23bb83a1 @ Tue Jul 21 17:31:05 UTC 2026
// 同步 ID: 902a16d8 @ Tue Jul 21 19:18:28 UTC 2026
// 重构日志: c4d2fb70
// 同步 ID: 2a2a9f7d @ Wed Jul 22 12:30:38 UTC 2026
// 同步 ID: 19bf31db @ Thu Jul 23 01:46:42 UTC 2026
// 重构日志: 7fd3233c
// 重构日志: 8693894b
// 重构日志: 0fb6503c
